IP        : IP/F                                                   *
IPError   : IPError/F                                              *
SIP       : SIP/F                                                  *
abseta    : abseta/F                                               *
caloCompatibility : caloCompatibility/F                            *
charge    : charge/F                                               *
chargedHadIso03 : chargedHadIso03/F                                *
chargedHadIso04 : chargedHadIso04/F                                *
chargedParticleIso03 : chargedParticleIso03/F                      *
chargedParticleIso04 : chargedParticleIso04/F                      *
chi2LocMom : chi2LocMom/F                                          *
chi2LocPos : chi2LocPos/F                                          *
combRelIso : combRelIso/F                                          *
combRelIsoPF03 : combRelIsoPF03/F                                  *
combRelIsoPF03dBeta : combRelIsoPF03dBeta/F                        *
combRelIsoPF04 : combRelIsoPF04/F                                  *
combRelIsoPF04dBeta : combRelIsoPF04dBeta/F                        *
dB        : dB/F                                                   *
ecalIso   : ecalIso/F                                              *
edB       : edB/F                                                  *
emEnergy  : emEnergy/F                                             *
emS9Energy : emS9Energy/F                                          *
eta       : eta/F                                                  *
glbChi2   : glbChi2/F                                              *
glbPtError : glbPtError/F                                          *
glbSigmaPtOverPt : glbSigmaPtOverPt/F                              *
glbTrackProb : glbTrackProb/F                                      *
glbValidMuHits : glbValidMuHits/F                                  *
hadEnergy : hadEnergy/F                                            *
hadS9Energy : hadS9Energy/F                                        *
hcalIso   : hcalIso/F                                              *
l1dphi    : l1dphi/F                                               *
l1dr      : l1dr/F                                                 *
l1drByQ   : l1drByQ/F                                              *
l1eta     : l1eta/F                                                *
l1phi     : l1phi/F                                                *
l1pt      : l1pt/F                                                 *
l1ptByQ   : l1ptByQ/F                                              *
l1q       : l1q/F                                                  *
l1qByQ    : l1qByQ/F                                               *
l2dr      : l2dr/F                                                 *
l2eta     : l2eta/F                                                *
l2pt      : l2pt/F                                                 *
l3dr      : l3dr/F                                                 *
l3pt      : l3pt/F                                                 *
neutralHadIso03 : neutralHadIso03/F                                *
neutralHadIso04 : neutralHadIso04/F                                *
numberOfMatchedStations : numberOfMatchedStations/F                *
numberOfMatches : numberOfMatches/F                                *
p         : p/F                                                    *
phi       : phi/F                                                  *
photonIso03 : photonIso03/F                                        *
photonIso04 : photonIso04/F                                        *
pt        : pt/F                                                   *
puIso03   : puIso03/F                                              *
puIso04   : puIso04/F                                              *
relEcalIso : relEcalIso/F                                          *
relHcalIso : relHcalIso/F                                          *
relTkIso  : relTkIso/F                                             *
segmentCompatibility : segmentCompatibility/F                      *
staQoverP : staQoverP/F                                            *
staQoverPerror : staQoverPerror/F                                  *
staValidStations : staValidStations/F                              *
tkChi2    : tkChi2/F                                               *
tkExpHitIn : tkExpHitIn/F                                          *
tkExpHitOut : tkExpHitOut/F                                        *
tkHitFract : tkHitFract/F                                          *
tkIso     : tkIso/F                                                *
tkKink    : tkKink/F                                               *
tkPixelLay : tkPixelLay/F                                          *
tkPtError : tkPtError/F                                            *
tkSigmaPtOverPt : tkSigmaPtOverPt/F                                *
tkTrackerLay : tkTrackerLay/F                                      *
tkValidHits : tkValidHits/F                                        *
tkValidPixelHits : tkValidPixelHits/F                              *
dxyBS     : dxyBS/F                                                *
dxyPVdzmin : dxyPVdzmin/F                                          *
dzPV      : dzPV/F                                                 *
fixedGridRhoFastjetAll : fixedGridRhoFastjetAll/F                  *
fixedGridRhoFastjetAllCalo : fixedGridRhoFastjetAllCalo/F          *
fixedGridRhoFastjetCentralCalo : fixedGridRhoFastjetCentralCalo/F  *
fixedGridRhoFastjetCentralChargedPileUp :                          *
| fixedGridRhoFastjetCentralChargedPileUp/F                        *
fixedGridRhoFastjetCentralNeutral :                                *
| fixedGridRhoFastjetCentralNeutral/F                              *
nSplitTk  : nSplitTk/F                                             *
Acc_JPsi  : Acc_JPsi/I                                             *
Calo      : Calo/I                                                 *
DiMuonGlb17Glb8RelTrkIsoFiltered0p4 :                              *
| DiMuonGlb17Glb8RelTrkIsoFiltered0p4/I                            *
Dimuon0er16_Jpsi_NoOS_NoVertexing :                                *
| Dimuon0er16_Jpsi_NoOS_NoVertexing/I                              *
Dimuon0er16_Jpsi_NoVertexing : Dimuon0er16_Jpsi_NoVertexing/I      *
Dimuon10_Jpsi_Barrel : Dimuon10_Jpsi_Barrel/I                      *
Dimuon10_L1L2 : Dimuon10_L1L2/I                                    *
Dimuon16_Jpsi : Dimuon16_Jpsi/I                                    *
Dimuon16_L1L2 : Dimuon16_L1L2/I                                    *
Dimuon20_Jpsi : Dimuon20_Jpsi/I                                    *
Dimuon6_Jpsi_NoVertexing : Dimuon6_Jpsi_NoVertexing/I              *
DoubleIsoMu17Mu8_IsoMu17leg : DoubleIsoMu17Mu8_IsoMu17leg/I        *
DoubleIsoMu17Mu8_IsoMu8leg : DoubleIsoMu17Mu8_IsoMu8leg/I          *
DoubleIsoMu17Mu8_Mu17leg : DoubleIsoMu17Mu8_Mu17leg/I              *
DoubleIsoMu17Mu8_Mu8leg : DoubleIsoMu17Mu8_Mu8leg/I                *
DoubleIsoMu17Mu8dZ_Mu17leg : DoubleIsoMu17Mu8dZ_Mu17leg/I          *
DoubleIsoMu17TkMu8_IsoMu17leg : DoubleIsoMu17TkMu8_IsoMu17leg/I    *
DoubleIsoMu17TkMu8_IsoMu8leg : DoubleIsoMu17TkMu8_IsoMu8leg/I      *
DoubleIsoMu17TkMu8_Mu17leg : DoubleIsoMu17TkMu8_Mu17leg/I          *
DoubleIsoMu17TkMu8_TkMu8leg : DoubleIsoMu17TkMu8_TkMu8leg/I        *
DoubleIsoMu17TkMu8dZ_Mu17 : DoubleIsoMu17TkMu8dZ_Mu17/I            *
DoubleMu30TkMu11 : DoubleMu30TkMu11/I                              *
DoubleMu30TkMu11_Mu30leg : DoubleMu30TkMu11_Mu30leg/I              *
DoubleMu30TkMu11_TkMu11leg : DoubleMu30TkMu11_TkMu11leg/I          *
DoubleMu4_L1L2 : DoubleMu4_L1L2/I                                  *
Glb       : Glb/I                                                  *
GlbPT     : GlbPT/I                                                *
HLT_TkMu50 : HLT_TkMu50/I                                          *
HWWID     : HWWID/I                                                *
HighPt    : HighPt/I                                               *
IsoMu18   : IsoMu18/I                                              *
IsoMu20   : IsoMu20/I                                              *
IsoMu22   : IsoMu22/I                                              *
IsoMu22_eta2p1 : IsoMu22_eta2p1/I                                  *
IsoMu24   : IsoMu24/I                                              *
IsoMu24_eta2p1 : IsoMu24_eta2p1/I                                  *
IsoMu27   : IsoMu27/I                                              *
IsoTkMu18 : IsoTkMu18/I                                            *
IsoTkMu20 : IsoTkMu20/I                                            *
IsoTkMu22 : IsoTkMu22/I                                            *
IsoTkMu22_eta2p1 : IsoTkMu22_eta2p1/I                              *
IsoTkMu24 : IsoTkMu24/I                                            *
IsoTkMu24_eta2p1 : IsoTkMu24_eta2p1/I                              *
IsoTkMu27 : IsoTkMu27/I                                            *
L1sMu16   : L1sMu16/I                                              *
L1sMu18   : L1sMu18/I                                              *
L1sMu20   : L1sMu20/I                                              *
L1sMu25Eta2p1 : L1sMu25Eta2p1/I                                    *
L2fL1sDoubleMu114L1f0L2Filtered10OneMu :                           *
| L2fL1sDoubleMu114L1f0L2Filtered10OneMu/I                         *
L2fL1sDoubleMu114L1f0OneMuL2Filtered10 :                           *
| L2fL1sDoubleMu114L1f0OneMuL2Filtered10/I                         *
L2fL1sMu18L1f0L2Filtered10Q : L2fL1sMu18L1f0L2Filtered10Q/I        *
L2pfL1sDoubleMu114L1f0L2PreFiltered0 :                             *
| L2pfL1sDoubleMu114L1f0L2PreFiltered0/I                           *
L3crIsoL1sMu16L1f0L2f10QL3f18QL3trkIsoFiltered0p09 :               *
| L3crIsoL1sMu16L1f0L2f10QL3f18QL3trkIsoFiltered0p09/I             *
L3fL1sDoubleMu114L1f0L2f10L3Filtered17 :                           *
| L3fL1sDoubleMu114L1f0L2f10L3Filtered17/I                         *
L3fL1sDoubleMu114L1f0L2f10OneMuL3Filtered17 :                      *
| L3fL1sDoubleMu114L1f0L2f10OneMuL3Filtered17/I                    *
L3fL1sMu16L1f0L2f10QL3Filtered18Q :                                *
| L3fL1sMu16L1f0L2f10QL3Filtered18Q/I                              *
L3fL1sMu16L1f0L2f10QL3Filtered18QL3pfecalIsoRhoFilteredEB0p11EE0p08 : *
| L3fL1sMu16L1f0L2f10QL3Filtered18QL3pfecalIsoRhoFilteredEB0p11EE0p08/I*
L3fL1sMu16L1f0L2f10QL3Filtered18QL3pfhcalIsoRhoFilteredHB0p21HE0p22 : *
| L3fL1sMu16L1f0L2f10QL3Filtered18QL3pfhcalIsoRhoFilteredHB0p21HE0p22/I*
L3fL1sMu16f0TkFiltered18Q : L3fL1sMu16f0TkFiltered18Q/I            *
L3pfL1sDoubleMu114L1f0L2pf0L3PreFiltered8 :                        *
| L3pfL1sDoubleMu114L1f0L2pf0L3PreFiltered8/I                      *
Loose     : Loose/I                                                *
Medium    : Medium/I                                               *
Medium2016 : Medium2016/I                                          *
Mu16TkMu0Onia_L2 : Mu16TkMu0Onia_L2/I                              *
Mu16TkMu0Onia_L3 : Mu16TkMu0Onia_L3/I                              *
Mu17      : Mu17/I                                                 *
Mu17_IsoTrkVVL : Mu17_IsoTrkVVL/I                                  *
Mu20      : Mu20/I                                                 *
Mu23_TrkIsoVVL : Mu23_TrkIsoVVL/I                                  *
Mu25TkMu0Onia_L2 : Mu25TkMu0Onia_L2/I                              *
Mu25TkMu0Onia_L3 : Mu25TkMu0Onia_L3/I                              *
Mu25TkMu0Onia_TM : Mu25TkMu0Onia_TM/I                              *
Mu45_eta2p1 : Mu45_eta2p1/I                                        *
Mu50      : Mu50/I                                                 *
Mu5_L2Mu0_L2 : Mu5_L2Mu0_L2/I                                      *
Mu5_L2Mu2_Jpsi_L2 : Mu5_L2Mu2_Jpsi_L2/I                            *
Mu5_L2Mu3_Jpsi_L2 : Mu5_L2Mu3_Jpsi_L2/I                            *
Mu5_Track2_Jpsi_TK : Mu5_Track2_Jpsi_TK/I                          *
Mu5_Track3p5_Jpsi_TK : Mu5_Track3p5_Jpsi_TK/I                      *
Mu7_Track7_Jpsi_TK : Mu7_Track7_Jpsi_TK/I                          *
Mu7p5_L2Mu2_Jpsi_L2 : Mu7p5_L2Mu2_Jpsi_L2/I                        *
Mu7p5_L2Mu2_L2 : Mu7p5_L2Mu2_L2/I                                  *
Mu7p5_Track2_Jpsi_TK : Mu7p5_Track2_Jpsi_TK/I                      *
Mu7p5_Track3p5_Jpsi_TK : Mu7p5_Track3p5_Jpsi_TK/I                  *
Mu7p5_Track7_Jpsi_TK : Mu7p5_Track7_Jpsi_TK/I                      *
MuIDForOutsideInTk : MuIDForOutsideInTk/I                          *
Mu_L3     : Mu_L3/I                                                *
PF        : PF/I                                                   *
TM        : TM/I                                                   *
TMA       : TMA/I                                                  *
TMLSAT    : TMLSAT/I                                               *
TMLST     : TMLST/I                                                *
TMOSL     : TMOSL/I                                                *
TMOST     : TMOST/I                                                *
TMOSTQual : TMOSTQual/I                                            *
Tight2012 : Tight2012/I                                            *
TrackAlgo_MuInOut : TrackAlgo_MuInOut/I                            *
TrackAlgo_MuOutIn : TrackAlgo_MuOutIn/I                            *
TrackAlgo_NonMu : TrackAlgo_NonMu/I                                *
Track_HP  : Track_HP/I                                             *
VBTF      : VBTF/I                                                 *
VBTF_nL8  : VBTF_nL8/I                                             *
VBTF_nL9  : VBTF_nL9/I                                             *
hltL2fL1sMu10lqL1f0L2Filtered10 : hltL2fL1sMu10lqL1f0L2Filtered10/I*
hltL2fL1sMu20L1f0L2Filtered10Q : hltL2fL1sMu20L1f0L2Filtered10Q/I  *
hltL2fL1sMu22L1f0L2Filtered10Q : hltL2fL1sMu22L1f0L2Filtered10Q/I  *
hltL3crIsoL1sMu18L1f0L2f10QL3f20QL3trkIsoFiltered0p09 :            *
| hltL3crIsoL1sMu18L1f0L2f10QL3f20QL3trkIsoFiltered0p09/I          *
hltL3crIsoL1sMu20L1f0L2f10QL3f22QL3trkIsoFiltered0p09 :            *
| hltL3crIsoL1sMu20L1f0L2f10QL3f22QL3trkIsoFiltered0p09/I          *
hltL3crIsoL1sMu22L1f0L2f10QL3f24QL3trkIsoFiltered0p09 :            *
| hltL3crIsoL1sMu22L1f0L2f10QL3f24QL3trkIsoFiltered0p09/I          *
hltL3fL1sMu10lqL1f0L2f10L3Filtered17 :                             *
| hltL3fL1sMu10lqL1f0L2f10L3Filtered17/I                           *
hltL3fL1sMu18L1f0L2f10QL3Filtered20Q :                             *
| hltL3fL1sMu18L1f0L2f10QL3Filtered20Q/I                           *
hltL3fL1sMu18L1f0L2f10QL3Filtered20QL3pfecalIsoRhoFilteredEB0p11EE0p08 : *
| hltL3fL1sMu18L1f0L2f10QL3Filtered20QL3pfecalIsoRhoFilteredEB0p11EE0p08/I*
hltL3fL1sMu18L1f0L2f10QL3Filtered20QL3pfhcalIsoRhoFilteredHB0p21HE0p22 : *
| hltL3fL1sMu18L1f0L2f10QL3Filtered20QL3pfhcalIsoRhoFilteredHB0p21HE0p22/I*
hltL3fL1sMu18L1f0Tkf20QL3trkIsoFiltered0p09 :                      *
| hltL3fL1sMu18L1f0Tkf20QL3trkIsoFiltered0p09/I                    *
hltL3fL1sMu18f0TkFiltered20Q : hltL3fL1sMu18f0TkFiltered20Q/I      *
hltL3fL1sMu18f0TkFiltered20QL3pfecalIsoRhoFilteredEB0p11EE0p08 :   *
| hltL3fL1sMu18f0TkFiltered20QL3pfecalIsoRhoFilteredEB0p11EE0p08/I *
hltL3fL1sMu18f0TkFiltered20QL3pfhcalIsoRhoFilteredHB0p21HE0p22 :   *
| hltL3fL1sMu18f0TkFiltered20QL3pfhcalIsoRhoFilteredHB0p21HE0p22/I *
hltL3fL1sMu1lqL1f0L2f10L3Filtered17TkIsoFiltered0p4 :              *
| hltL3fL1sMu1lqL1f0L2f10L3Filtered17TkIsoFiltered0p4/I            *
hltL3fL1sMu20L1f0L2f10QL3Filtered22Q :                             *
| hltL3fL1sMu20L1f0L2f10QL3Filtered22Q/I                           *
hltL3fL1sMu20L1f0L2f10QL3Filtered22QL3pfecalIsoRhoFilteredEB0p11EE0p08 : *
| hltL3fL1sMu20L1f0L2f10QL3Filtered22QL3pfecalIsoRhoFilteredEB0p11EE0p08/I*
hltL3fL1sMu20L1f0L2f10QL3Filtered22QL3pfhcalIsoRhoFilteredHB0p21HE0p22 : *
| hltL3fL1sMu20L1f0L2f10QL3Filtered22QL3pfhcalIsoRhoFilteredHB0p21HE0p22/I*
hltL3fL1sMu20L1f0Tkf22QL3trkIsoFiltered0p09 :                      *
| hltL3fL1sMu20L1f0Tkf22QL3trkIsoFiltered0p09/I                    *
hltL3fL1sMu20f0TkFiltered22Q : hltL3fL1sMu20f0TkFiltered22Q/I      *
hltL3fL1sMu20f0TkFiltered22QL3pfecalIsoRhoFilteredEB0p11EE0p08 :   *
| hltL3fL1sMu20f0TkFiltered22QL3pfecalIsoRhoFilteredEB0p11EE0p08/I *
hltL3fL1sMu20f0TkFiltered22QL3pfhcalIsoRhoFilteredHB0p21HE0p22 :   *
| hltL3fL1sMu20f0TkFiltered22QL3pfhcalIsoRhoFilteredHB0p21HE0p22/I *
hltL3fL1sMu22L1f0L2f10QL3Filtered24Q :                             *
| hltL3fL1sMu22L1f0L2f10QL3Filtered24Q/I                           *
hltL3fL1sMu22L1f0L2f10QL3Filtered24QL3pfecalIsoRhoFilteredEB0p11EE0p08 : *
| hltL3fL1sMu22L1f0L2f10QL3Filtered24QL3pfecalIsoRhoFilteredEB0p11EE0p08/I*
hltL3fL1sMu22L1f0L2f10QL3Filtered24QL3pfhcalIsoRhoFilteredHB0p21HE0p22 : *
| hltL3fL1sMu22L1f0L2f10QL3Filtered24QL3pfhcalIsoRhoFilteredHB0p21HE0p22/I*
hltL3fL1sMu22L1f0Tkf24QL3trkIsoFiltered0p09 :                      *
| hltL3fL1sMu22L1f0Tkf24QL3trkIsoFiltered0p09/I                    *
hltL3fL1sMu22f0TkFiltered24Q : hltL3fL1sMu22f0TkFiltered24Q/I      *
hltL3fL1sMu22f0TkFiltered24QL3pfecalIsoRhoFilteredEB0p11EE0p08 :   *
| hltL3fL1sMu22f0TkFiltered24QL3pfecalIsoRhoFilteredEB0p11EE0p08/I *
hltL3fL1sMu22f0TkFiltered24QL3pfhcalIsoRhoFilteredHB0p21HE0p22 :   *
| hltL3fL1sMu22f0TkFiltered24QL3pfhcalIsoRhoFilteredHB0p21HE0p22/I *
tkHighPt  : tkHighPt/I                                             *
run       : run/i                                                  *
lumi      : lumi/i                                                 *
event     : event/l                                                *
mass      : mass/F                                                 *
tag_eta   : tag_eta/F                                              *
tag_phi   : tag_phi/F                                              *
tag_pt    : tag_pt/F                                               *
tag_bx    : tag_bx/F                                               *
tag_instLumi : tag_instLumi/F                                      *
tag_l1rate : tag_l1rate/F                                          *
tag_nVertices : tag_nVertices/F                                    *
tag_DiMuonGlb17Glb8RelTrkIsoFiltered0p4 :                          *
| tag_DiMuonGlb17Glb8RelTrkIsoFiltered0p4/I                        *
tag_Dimuon0er16_Jpsi_NoOS_NoVertexing :                            *
| tag_Dimuon0er16_Jpsi_NoOS_NoVertexing/I                          *
tag_Dimuon0er16_Jpsi_NoVertexing :                                 *
| tag_Dimuon0er16_Jpsi_NoVertexing/I                               *
tag_Dimuon10_Jpsi_Barrel : tag_Dimuon10_Jpsi_Barrel/I              *
tag_Dimuon10_L1L2 : tag_Dimuon10_L1L2/I                            *
tag_Dimuon16_Jpsi : tag_Dimuon16_Jpsi/I                            *
tag_Dimuon16_L1L2 : tag_Dimuon16_L1L2/I                            *
tag_Dimuon20_Jpsi : tag_Dimuon20_Jpsi/I                            *
tag_Dimuon6_Jpsi_NoVertexing : tag_Dimuon6_Jpsi_NoVertexing/I      *
tag_DoubleIsoMu17Mu8_IsoMu17leg : tag_DoubleIsoMu17Mu8_IsoMu17leg/I*
tag_DoubleIsoMu17Mu8_IsoMu8leg : tag_DoubleIsoMu17Mu8_IsoMu8leg/I  *
tag_DoubleIsoMu17Mu8_Mu17leg : tag_DoubleIsoMu17Mu8_Mu17leg/I      *
tag_DoubleIsoMu17Mu8_Mu8leg : tag_DoubleIsoMu17Mu8_Mu8leg/I        *
tag_DoubleIsoMu17Mu8dZ_Mu17leg : tag_DoubleIsoMu17Mu8dZ_Mu17leg/I  *
tag_DoubleIsoMu17TkMu8_IsoMu17leg :                                *
| tag_DoubleIsoMu17TkMu8_IsoMu17leg/I                              *
tag_DoubleIsoMu17TkMu8_IsoMu8leg :                                 *
| tag_DoubleIsoMu17TkMu8_IsoMu8leg/I                               *
tag_DoubleIsoMu17TkMu8_Mu17leg : tag_DoubleIsoMu17TkMu8_Mu17leg/I  *
tag_DoubleIsoMu17TkMu8_TkMu8leg : tag_DoubleIsoMu17TkMu8_TkMu8leg/I*
tag_DoubleIsoMu17TkMu8dZ_Mu17 : tag_DoubleIsoMu17TkMu8dZ_Mu17/I    *
tag_DoubleMu30TkMu11 : tag_DoubleMu30TkMu11/I                      *
tag_DoubleMu30TkMu11_Mu30leg : tag_DoubleMu30TkMu11_Mu30leg/I      *
tag_DoubleMu30TkMu11_TkMu11leg : tag_DoubleMu30TkMu11_TkMu11leg/I  *
tag_DoubleMu4_L1L2 : tag_DoubleMu4_L1L2/I                          *
tag_HLT_TkMu50 : tag_HLT_TkMu50/I                                  *
tag_IsoMu18 : tag_IsoMu18/I                                        *
tag_IsoMu20 : tag_IsoMu20/I                                        *
tag_IsoMu22 : tag_IsoMu22/I                                        *
tag_IsoMu22_eta2p1 : tag_IsoMu22_eta2p1/I                          *
tag_IsoMu24 : tag_IsoMu24/I                                        *
tag_IsoMu24_eta2p1 : tag_IsoMu24_eta2p1/I                          *
tag_IsoMu27 : tag_IsoMu27/I                                        *
tag_IsoTkMu18 : tag_IsoTkMu18/I                                    *
tag_IsoTkMu20 : tag_IsoTkMu20/I                                    *
tag_IsoTkMu22 : tag_IsoTkMu22/I                                    *
tag_IsoTkMu22_eta2p1 : tag_IsoTkMu22_eta2p1/I                      *
tag_IsoTkMu24 : tag_IsoTkMu24/I                                    *
tag_IsoTkMu24_eta2p1 : tag_IsoTkMu24_eta2p1/I                      *
tag_IsoTkMu27 : tag_IsoTkMu27/I                                    *
tag_L1sMu16 : tag_L1sMu16/I                                        *
tag_L1sMu18 : tag_L1sMu18/I                                        *
tag_L1sMu20 : tag_L1sMu20/I                                        *
tag_L1sMu25Eta2p1 : tag_L1sMu25Eta2p1/I                            *
tag_L2fL1sDoubleMu114L1f0L2Filtered10OneMu :                       *
| tag_L2fL1sDoubleMu114L1f0L2Filtered10OneMu/I                     *
tag_L2fL1sDoubleMu114L1f0OneMuL2Filtered10 :                       *
| tag_L2fL1sDoubleMu114L1f0OneMuL2Filtered10/I                     *
tag_L2fL1sMu18L1f0L2Filtered10Q : tag_L2fL1sMu18L1f0L2Filtered10Q/I*
tag_L2pfL1sDoubleMu114L1f0L2PreFiltered0 :                         *
| tag_L2pfL1sDoubleMu114L1f0L2PreFiltered0/I                       *
tag_L3crIsoL1sMu16L1f0L2f10QL3f18QL3trkIsoFiltered0p09 :           *
| tag_L3crIsoL1sMu16L1f0L2f10QL3f18QL3trkIsoFiltered0p09/I         *
tag_L3fL1sDoubleMu114L1f0L2f10L3Filtered17 :                       *
| tag_L3fL1sDoubleMu114L1f0L2f10L3Filtered17/I                     *
tag_L3fL1sDoubleMu114L1f0L2f10OneMuL3Filtered17 :                  *
| tag_L3fL1sDoubleMu114L1f0L2f10OneMuL3Filtered17/I                *
tag_L3fL1sMu16L1f0L2f10QL3Filtered18Q :                            *
| tag_L3fL1sMu16L1f0L2f10QL3Filtered18Q/I                          *
tag_L3fL1sMu16L1f0L2f10QL3Filtered18QL3pfecalIsoRhoFilteredEB0p11EE0p08 : *
| tag_L3fL1sMu16L1f0L2f10QL3Filtered18QL3pfecalIsoRhoFilteredEB0p11EE0p08/I*
tag_L3fL1sMu16L1f0L2f10QL3Filtered18QL3pfhcalIsoRhoFilteredHB0p21HE0p22 : *
| tag_L3fL1sMu16L1f0L2f10QL3Filtered18QL3pfhcalIsoRhoFilteredHB0p21HE0p22/I*
tag_L3fL1sMu16f0TkFiltered18Q : tag_L3fL1sMu16f0TkFiltered18Q/I    *
tag_L3pfL1sDoubleMu114L1f0L2pf0L3PreFiltered8 :                    *
| tag_L3pfL1sDoubleMu114L1f0L2pf0L3PreFiltered8/I                  *
tag_Mu16TkMu0Onia_L3_MU : tag_Mu16TkMu0Onia_L3_MU/I                *
tag_Mu17  : tag_Mu17/I                                             *
tag_Mu17_IsoTrkVVL : tag_Mu17_IsoTrkVVL/I                          *
tag_Mu20  : tag_Mu20/I                                             *
tag_Mu23_TrkIsoVVL : tag_Mu23_TrkIsoVVL/I                          *
tag_Mu25TkMu0Onia_L3_MU : tag_Mu25TkMu0Onia_L3_MU/I                *
tag_Mu45_eta2p1 : tag_Mu45_eta2p1/I                                *
tag_Mu50  : tag_Mu50/I                                             *
tag_Mu5_L2Mu0_MU : tag_Mu5_L2Mu0_MU/I                              *
tag_Mu5_L2Mu2_Jpsi_MU : tag_Mu5_L2Mu2_Jpsi_MU/I                    *
tag_Mu5_L2Mu3_Jpsi_MU : tag_Mu5_L2Mu3_Jpsi_MU/I                    *
tag_Mu5_Track2_Jpsi_MU : tag_Mu5_Track2_Jpsi_MU/I                  *
tag_Mu5_Track3p5_Jpsi_MU : tag_Mu5_Track3p5_Jpsi_MU/I              *
tag_Mu7_Track7_Jpsi_MU : tag_Mu7_Track7_Jpsi_MU/I                  *
tag_Mu7p5_L2Mu2_Jpsi_MU : tag_Mu7p5_L2Mu2_Jpsi_MU/I                *
tag_Mu7p5_MU : tag_Mu7p5_MU/I                                      *
tag_Mu7p5_Track2_Jpsi_MU : tag_Mu7p5_Track2_Jpsi_MU/I              *
tag_Mu7p5_Track3p5_Jpsi_MU : tag_Mu7p5_Track3p5_Jpsi_MU/I          *
tag_Mu7p5_Track7_Jpsi_MU : tag_Mu7p5_Track7_Jpsi_MU/I              *
tag_Mu_L3 : tag_Mu_L3/I                                            *
tag_hltL2fL1sMu10lqL1f0L2Filtered10 :                              *
| tag_hltL2fL1sMu10lqL1f0L2Filtered10/I                            *
tag_hltL2fL1sMu20L1f0L2Filtered10Q :                               *
| tag_hltL2fL1sMu20L1f0L2Filtered10Q/I                             *
tag_hltL2fL1sMu22L1f0L2Filtered10Q :                               *
| tag_hltL2fL1sMu22L1f0L2Filtered10Q/I                             *
tag_hltL3crIsoL1sMu18L1f0L2f10QL3f20QL3trkIsoFiltered0p09 :        *
| tag_hltL3crIsoL1sMu18L1f0L2f10QL3f20QL3trkIsoFiltered0p09/I      *
tag_hltL3crIsoL1sMu20L1f0L2f10QL3f22QL3trkIsoFiltered0p09 :        *
| tag_hltL3crIsoL1sMu20L1f0L2f10QL3f22QL3trkIsoFiltered0p09/I      *
tag_hltL3crIsoL1sMu22L1f0L2f10QL3f24QL3trkIsoFiltered0p09 :        *
| tag_hltL3crIsoL1sMu22L1f0L2f10QL3f24QL3trkIsoFiltered0p09/I      *
tag_hltL3fL1sMu10lqL1f0L2f10L3Filtered17 :                         *
| tag_hltL3fL1sMu10lqL1f0L2f10L3Filtered17/I                       *
tag_hltL3fL1sMu18L1f0L2f10QL3Filtered20Q :                         *
| tag_hltL3fL1sMu18L1f0L2f10QL3Filtered20Q/I                       *
tag_hltL3fL1sMu18L1f0L2f10QL3Filtered20QL3pfecalIsoRhoFilteredEB0p11EE0p08 : *
| tag_hltL3fL1sMu18L1f0L2f10QL3Filtered20QL3pfecalIsoRhoFilteredEB0p11EE0p08/I*
tag_hltL3fL1sMu18L1f0L2f10QL3Filtered20QL3pfhcalIsoRhoFilteredHB0p21HE0p22 : *
| tag_hltL3fL1sMu18L1f0L2f10QL3Filtered20QL3pfhcalIsoRhoFilteredHB0p21HE0p22/I*
tag_hltL3fL1sMu18L1f0Tkf20QL3trkIsoFiltered0p09 :                  *
| tag_hltL3fL1sMu18L1f0Tkf20QL3trkIsoFiltered0p09/I                *
tag_hltL3fL1sMu18f0TkFiltered20Q :                                 *
| tag_hltL3fL1sMu18f0TkFiltered20Q/I                               *
tag_hltL3fL1sMu18f0TkFiltered20QL3pfecalIsoRhoFilteredEB0p11EE0p08 : *
| tag_hltL3fL1sMu18f0TkFiltered20QL3pfecalIsoRhoFilteredEB0p11EE0p08/I*
tag_hltL3fL1sMu18f0TkFiltered20QL3pfhcalIsoRhoFilteredHB0p21HE0p22 : *
| tag_hltL3fL1sMu18f0TkFiltered20QL3pfhcalIsoRhoFilteredHB0p21HE0p22/I*
tag_hltL3fL1sMu1lqL1f0L2f10L3Filtered17TkIsoFiltered0p4 :          *
| tag_hltL3fL1sMu1lqL1f0L2f10L3Filtered17TkIsoFiltered0p4/I        *
tag_hltL3fL1sMu20L1f0L2f10QL3Filtered22Q :                         *
| tag_hltL3fL1sMu20L1f0L2f10QL3Filtered22Q/I                       *
tag_hltL3fL1sMu20L1f0L2f10QL3Filtered22QL3pfecalIsoRhoFilteredEB0p11EE0p08 : *
| tag_hltL3fL1sMu20L1f0L2f10QL3Filtered22QL3pfecalIsoRhoFilteredEB0p11EE0p08/I*
tag_hltL3fL1sMu20L1f0L2f10QL3Filtered22QL3pfhcalIsoRhoFilteredHB0p21HE0p22 : *
| tag_hltL3fL1sMu20L1f0L2f10QL3Filtered22QL3pfhcalIsoRhoFilteredHB0p21HE0p22/I*
tag_hltL3fL1sMu20L1f0Tkf22QL3trkIsoFiltered0p09 :                  *
| tag_hltL3fL1sMu20L1f0Tkf22QL3trkIsoFiltered0p09/I                *
tag_hltL3fL1sMu20f0TkFiltered22Q :                                 *
| tag_hltL3fL1sMu20f0TkFiltered22Q/I                               *
tag_hltL3fL1sMu20f0TkFiltered22QL3pfecalIsoRhoFilteredEB0p11EE0p08 : *
| tag_hltL3fL1sMu20f0TkFiltered22QL3pfecalIsoRhoFilteredEB0p11EE0p08/I*
tag_hltL3fL1sMu20f0TkFiltered22QL3pfhcalIsoRhoFilteredHB0p21HE0p22 : *
| tag_hltL3fL1sMu20f0TkFiltered22QL3pfhcalIsoRhoFilteredHB0p21HE0p22/I*
tag_hltL3fL1sMu22L1f0L2f10QL3Filtered24Q :                         *
| tag_hltL3fL1sMu22L1f0L2f10QL3Filtered24Q/I                       *
tag_hltL3fL1sMu22L1f0L2f10QL3Filtered24QL3pfecalIsoRhoFilteredEB0p11EE0p08 : *
| tag_hltL3fL1sMu22L1f0L2f10QL3Filtered24QL3pfecalIsoRhoFilteredEB0p11EE0p08/I*
tag_hltL3fL1sMu22L1f0L2f10QL3Filtered24QL3pfhcalIsoRhoFilteredHB0p21HE0p22 : *
| tag_hltL3fL1sMu22L1f0L2f10QL3Filtered24QL3pfhcalIsoRhoFilteredHB0p21HE0p22/I*
tag_hltL3fL1sMu22L1f0Tkf24QL3trkIsoFiltered0p09 :                  *
| tag_hltL3fL1sMu22L1f0Tkf24QL3trkIsoFiltered0p09/I                *
tag_hltL3fL1sMu22f0TkFiltered24Q :                                 *
| tag_hltL3fL1sMu22f0TkFiltered24Q/I                               *
tag_hltL3fL1sMu22f0TkFiltered24QL3pfecalIsoRhoFilteredEB0p11EE0p08 : *
| tag_hltL3fL1sMu22f0TkFiltered24QL3pfecalIsoRhoFilteredEB0p11EE0p08/I*
tag_hltL3fL1sMu22f0TkFiltered24QL3pfhcalIsoRhoFilteredHB0p21HE0p22 : *
| tag_hltL3fL1sMu22f0TkFiltered24QL3pfhcalIsoRhoFilteredHB0p21HE0p22/I*
pair_dz   : pair_dz/F                                              *
pair_pt   : pair_pt/F                                              *
pair_distM1 : pair_distM1/F                                        *
pair_distM2 : pair_distM2/F                                        *
pair_dphiM1 : pair_dphiM1/F                                        *
pair_dphiM2 : pair_dphiM2/F                                        *
pair_dphiVtxTimesQ : pair_dphiVtxTimesQ/F                          *
pair_drM1 : pair_drM1/F                                            *
pair_drM2 : pair_drM2/F                                            *
pair_drVtx : pair_drVtx/F                                          *
pair_probeMultiplicity : pair_probeMultiplicity/F                  *

