IP
IPError
SIP
abseta
caloCompatibility
charge
chargedHadIso03
chargedHadIso04
chargedParticleIso03
chargedParticleIso04
chi2LocMom
chi2LocPos
combRelIso
combRelIsoPF03
combRelIsoPF03dBeta
combRelIsoPF04
combRelIsoPF04dBeta
dB
ecalIso
edB
emEnergy
emS9Energy
eta
glbChi2
glbPtError
glbSigmaPtOverPt
glbTrackProb
glbValidMuHits
hadEnergy
hadS9Energy
hcalIso
l1dphi
l1dr
l1drByQ
l1eta
l1phi
l1pt
l1ptByQ
l1q
l1qByQ
l2dr
l2eta
l2pt
l3dr
l3pt
neutralHadIso03
neutralHadIso04
numberOfMatchedStations
numberOfMatches
p
phi
photonIso03
photonIso04
pt
puIso03
puIso04
relEcalIso
relHcalIso
relTkIso
segmentCompatibility
staQoverP
staQoverPerror
staValidStations
tkChi2
tkExpHitIn
tkExpHitOut
tkHitFract
tkIso
tkKink
tkPixelLay
tkPtError
tkSigmaPtOverPt
tkTrackerLay
tkValidHits
tkValidPixelHits
JetBTagCSV
JetNDauCharged
JetPtRatio
JetPtRel
activity_miniIsoCharged
activity_miniIsoNeutrals
activity_miniIsoPUCharged
activity_miniIsoPhotons
dxyBS
dxyPVdzmin
dzPV
fixedGridRhoFastjetAll
fixedGridRhoFastjetAllCalo
fixedGridRhoFastjetCentralCalo
fixedGridRhoFastjetCentralChargedPileUp
fixedGridRhoFastjetCentralNeutral
isoTrk03Abs
isoTrk03Rel
miniIsoCharged
miniIsoNeutrals
miniIsoPUCharged
miniIsoPhotons
mt
muPFIsoValueCHR04PUPPI
muPFIsoValueCHR04PUPPINoLep
muPFIsoValueNHR04PUPPI
muPFIsoValueNHR04PUPPINoLep
muPFIsoValuePhR04PUPPI
muPFIsoValuePhR04PUPPINoLep
nSplitTk
Calo
DiMuonGlb17Glb8RelTrkIsoFiltered0p4
DoubleIsoMu17Mu8_IsoMu17leg
DoubleIsoMu17Mu8_IsoMu8leg
DoubleIsoMu17Mu8_Mu17leg
DoubleIsoMu17Mu8_Mu8leg
DoubleIsoMu17Mu8dZ_Mu17leg
DoubleIsoMu17TkMu8_IsoMu17leg
DoubleIsoMu17TkMu8_IsoMu8leg
DoubleIsoMu17TkMu8_Mu17leg
DoubleIsoMu17TkMu8_TkMu8leg
DoubleIsoMu17TkMu8dZ_Mu17
DoubleMu30TkMu11
DoubleMu30TkMu11_Mu30leg
DoubleMu30TkMu11_TkMu11leg
Glb
GlbPT
HLT_TkMu50
HWWID
HighPt
IsoMu18
IsoMu20
IsoMu22
IsoMu22_eta2p1
IsoMu24
IsoMu24_eta2p1
IsoMu27
IsoTkMu18
IsoTkMu20
IsoTkMu22
IsoTkMu22_eta2p1
IsoTkMu24
IsoTkMu24_eta2p1
IsoTkMu27
L1sMu16
L1sMu18
L1sMu20
L1sMu25Eta2p1
L2fL1sDoubleMu114L1f0L2Filtered10OneMu
L2fL1sDoubleMu114L1f0OneMuL2Filtered10
L2fL1sMu18L1f0L2Filtered10Q
L2pfL1sDoubleMu114L1f0L2PreFiltered0
L3crIsoL1sMu16L1f0L2f10QL3f18QL3trkIsoFiltered0p09
L3fL1sDoubleMu114L1f0L2f10L3Filtered17
L3fL1sDoubleMu114L1f0L2f10OneMuL3Filtered17
L3fL1sMu16L1f0L2f10QL3Filtered18Q
L3fL1sMu16L1f0L2f10QL3Filtered18QL3pfecalIsoRhoFilteredEB0p11EE0p08
L3fL1sMu16L1f0L2f10QL3Filtered18QL3pfhcalIsoRhoFilteredHB0p21HE0p22
L3fL1sMu16f0TkFiltered18Q
L3pfL1sDoubleMu114L1f0L2pf0L3PreFiltered8
Loose
Medium
Medium2016
Mu17
Mu17_IsoTrkVVL
Mu20
Mu23_TrkIsoVVL
Mu45_eta2p1
Mu50
MuIDForOutsideInTk
PF
TM
TMA
TMLSAT
TMLST
TMOSL
TMOST
TMOSTQual
Tight2012
Track_HP
VBTF
VBTF_nL8
VBTF_nL9
hltL2fL1sMu10lqL1f0L2Filtered10
hltL2fL1sMu20L1f0L2Filtered10Q
hltL2fL1sMu22L1f0L2Filtered10Q
hltL2fL1sMu22Or25L1f0L2Filtered10Q
hltL3crIsoL1sMu18L1f0L2f10QL3f20QL3trkIsoFiltered0p09
hltL3crIsoL1sMu20L1f0L2f10QL3f22QL3trkIsoFiltered0p09
hltL3crIsoL1sMu22L1f0L2f10QL3f24QL3trkIsoFiltered0p09
hltL3fL1sMu10lqL1f0L2f10L3Filtered17
hltL3fL1sMu18L1f0L2f10QL3Filtered20Q
hltL3fL1sMu18L1f0L2f10QL3Filtered20QL3pfecalIsoRhoFilteredEB0p11EE0p08
hltL3fL1sMu18L1f0L2f10QL3Filtered20QL3pfhcalIsoRhoFilteredHB0p21HE0p22
hltL3fL1sMu18L1f0Tkf20QL3trkIsoFiltered0p09
hltL3fL1sMu18f0TkFiltered20Q
hltL3fL1sMu18f0TkFiltered20QL3pfecalIsoRhoFilteredEB0p11EE0p08
hltL3fL1sMu18f0TkFiltered20QL3pfhcalIsoRhoFilteredHB0p21HE0p22
hltL3fL1sMu1lqL1f0L2f10L3Filtered17TkIsoFiltered0p4
hltL3fL1sMu20L1f0L2f10QL3Filtered22Q
hltL3fL1sMu20L1f0L2f10QL3Filtered22QL3pfecalIsoRhoFilteredEB0p11EE0p08
hltL3fL1sMu20L1f0L2f10QL3Filtered22QL3pfhcalIsoRhoFilteredHB0p21HE0p22
hltL3fL1sMu20L1f0Tkf22QL3trkIsoFiltered0p09
hltL3fL1sMu20f0TkFiltered22Q
hltL3fL1sMu20f0TkFiltered22QL3pfecalIsoRhoFilteredEB0p11EE0p08
hltL3fL1sMu20f0TkFiltered22QL3pfhcalIsoRhoFilteredHB0p21HE0p22
hltL3fL1sMu22L1f0L2f10QL3Filtered24Q
hltL3fL1sMu22L1f0L2f10QL3Filtered24QL3pfecalIsoRhoFilteredEB0p11EE0p08
hltL3fL1sMu22L1f0L2f10QL3Filtered24QL3pfhcalIsoRhoFilteredHB0p21HE0p22
hltL3fL1sMu22L1f0Tkf24QL3trkIsoFiltered0p09
hltL3fL1sMu22Or25L1f0L2f10QL3Filtered50Q
hltL3fL1sMu22f0TkFiltered24Q
hltL3fL1sMu22f0TkFiltered24QL3pfecalIsoRhoFilteredEB0p11EE0p08
hltL3fL1sMu22f0TkFiltered24QL3pfhcalIsoRhoFilteredHB0p21HE0p22
tkHighPt
run
lumi
event
mass
tag_IP
tag_IPError
tag_SIP
tag_abseta
tag_caloCompatibility
tag_charge
tag_chargedHadIso03
tag_chargedHadIso04
tag_chargedParticleIso03
tag_chargedParticleIso04
tag_chi2LocMom
tag_chi2LocPos
tag_combRelIso
tag_combRelIsoPF03
tag_combRelIsoPF03dBeta
tag_combRelIsoPF04
tag_combRelIsoPF04dBeta
tag_dB
tag_ecalIso
tag_edB
tag_emEnergy
tag_emS9Energy
tag_eta
tag_glbChi2
tag_glbPtError
tag_glbSigmaPtOverPt
tag_glbTrackProb
tag_glbValidMuHits
tag_hadEnergy
tag_hadS9Energy
tag_hcalIso
tag_l1dphi
tag_l1dr
tag_l1drByQ
tag_l1eta
tag_l1phi
tag_l1pt
tag_l1ptByQ
tag_l1q
tag_l1qByQ
tag_l2dr
tag_l2eta
tag_l2pt
tag_l3dr
tag_l3pt
tag_neutralHadIso03
tag_neutralHadIso04
tag_numberOfMatchedStations
tag_numberOfMatches
tag_p
tag_phi
tag_photonIso03
tag_photonIso04
tag_pt
tag_puIso03
tag_puIso04
tag_relEcalIso
tag_relHcalIso
tag_relTkIso
tag_segmentCompatibility
tag_staQoverP
tag_staQoverPerror
tag_staValidStations
tag_tkChi2
tag_tkExpHitIn
tag_tkExpHitOut
tag_tkHitFract
tag_tkIso
tag_tkKink
tag_tkPixelLay
tag_tkPtError
tag_tkSigmaPtOverPt
tag_tkTrackerLay
tag_tkValidHits
tag_tkValidPixelHits
tag_bx
tag_dxyBS
tag_dxyPVdzmin
tag_dzPV
tag_fixedGridRhoFastjetAll
tag_fixedGridRhoFastjetAllCalo
tag_fixedGridRhoFastjetCentralCalo
tag_fixedGridRhoFastjetCentralChargedPileUp
tag_fixedGridRhoFastjetCentralNeutral
tag_instLumi
tag_isoTrk03Abs
tag_isoTrk03Rel
tag_l1rate
tag_met
tag_mt
tag_nSplitTk
tag_nVertices
tag_DiMuonGlb17Glb8RelTrkIsoFiltered0p4
tag_DoubleIsoMu17Mu8_IsoMu17leg
tag_DoubleIsoMu17Mu8_IsoMu8leg
tag_DoubleIsoMu17Mu8_Mu17leg
tag_DoubleIsoMu17Mu8_Mu8leg
tag_DoubleIsoMu17Mu8dZ_Mu17leg
tag_DoubleIsoMu17TkMu8_IsoMu17leg
tag_DoubleIsoMu17TkMu8_IsoMu8leg
tag_DoubleIsoMu17TkMu8_Mu17leg
tag_DoubleIsoMu17TkMu8_TkMu8leg
tag_DoubleIsoMu17TkMu8dZ_Mu17
tag_DoubleMu30TkMu11
tag_DoubleMu30TkMu11_Mu30leg
tag_DoubleMu30TkMu11_TkMu11leg
tag_HLT_TkMu50
tag_IsoMu18
tag_IsoMu20
tag_IsoMu22
tag_IsoMu22_eta2p1
tag_IsoMu24
tag_IsoMu24_eta2p1
tag_IsoMu27
tag_IsoTkMu18
tag_IsoTkMu20
tag_IsoTkMu22
tag_IsoTkMu22_eta2p1
tag_IsoTkMu24
tag_IsoTkMu24_eta2p1
tag_IsoTkMu27
tag_L1sMu16
tag_L1sMu18
tag_L1sMu20
tag_L1sMu25Eta2p1
tag_L2fL1sDoubleMu114L1f0L2Filtered10OneMu
tag_L2fL1sDoubleMu114L1f0OneMuL2Filtered10
tag_L2fL1sMu18L1f0L2Filtered10Q
tag_L2pfL1sDoubleMu114L1f0L2PreFiltered0
tag_L3crIsoL1sMu16L1f0L2f10QL3f18QL3trkIsoFiltered0p09
tag_L3fL1sDoubleMu114L1f0L2f10L3Filtered17
tag_L3fL1sDoubleMu114L1f0L2f10OneMuL3Filtered17
tag_L3fL1sMu16L1f0L2f10QL3Filtered18Q
tag_L3fL1sMu16L1f0L2f10QL3Filtered18QL3pfecalIsoRhoFilteredEB0p11EE0p08
tag_L3fL1sMu16L1f0L2f10QL3Filtered18QL3pfhcalIsoRhoFilteredHB0p21HE0p22
tag_L3fL1sMu16f0TkFiltered18Q
tag_L3pfL1sDoubleMu114L1f0L2pf0L3PreFiltered8
tag_Mu17
tag_Mu17_IsoTrkVVL
tag_Mu20
tag_Mu23_TrkIsoVVL
tag_Mu45_eta2p1
tag_Mu50
tag_hltL2fL1sMu10lqL1f0L2Filtered10
tag_hltL2fL1sMu20L1f0L2Filtered10Q
tag_hltL2fL1sMu22L1f0L2Filtered10Q
tag_hltL2fL1sMu22Or25L1f0L2Filtered10Q
tag_hltL3crIsoL1sMu18L1f0L2f10QL3f20QL3trkIsoFiltered0p09
tag_hltL3crIsoL1sMu20L1f0L2f10QL3f22QL3trkIsoFiltered0p09
tag_hltL3crIsoL1sMu22L1f0L2f10QL3f24QL3trkIsoFiltered0p09
tag_hltL3fL1sMu10lqL1f0L2f10L3Filtered17
tag_hltL3fL1sMu18L1f0L2f10QL3Filtered20Q
tag_hltL3fL1sMu18L1f0L2f10QL3Filtered20QL3pfecalIsoRhoFilteredEB0p11EE0p08
tag_hltL3fL1sMu18L1f0L2f10QL3Filtered20QL3pfhcalIsoRhoFilteredHB0p21HE0p22
tag_hltL3fL1sMu18L1f0Tkf20QL3trkIsoFiltered0p09
tag_hltL3fL1sMu18f0TkFiltered20Q
tag_hltL3fL1sMu18f0TkFiltered20QL3pfecalIsoRhoFilteredEB0p11EE0p08
tag_hltL3fL1sMu18f0TkFiltered20QL3pfhcalIsoRhoFilteredHB0p21HE0p22
tag_hltL3fL1sMu1lqL1f0L2f10L3Filtered17TkIsoFiltered0p4
tag_hltL3fL1sMu20L1f0L2f10QL3Filtered22Q
tag_hltL3fL1sMu20L1f0L2f10QL3Filtered22QL3pfecalIsoRhoFilteredEB0p11EE0p08
tag_hltL3fL1sMu20L1f0L2f10QL3Filtered22QL3pfhcalIsoRhoFilteredHB0p21HE0p22
tag_hltL3fL1sMu20L1f0Tkf22QL3trkIsoFiltered0p09
tag_hltL3fL1sMu20f0TkFiltered22Q
tag_hltL3fL1sMu20f0TkFiltered22QL3pfecalIsoRhoFilteredEB0p11EE0p08
tag_hltL3fL1sMu20f0TkFiltered22QL3pfhcalIsoRhoFilteredHB0p21HE0p22
tag_hltL3fL1sMu22L1f0L2f10QL3Filtered24Q
tag_hltL3fL1sMu22L1f0L2f10QL3Filtered24QL3pfecalIsoRhoFilteredEB0p11EE0p08
tag_hltL3fL1sMu22L1f0L2f10QL3Filtered24QL3pfhcalIsoRhoFilteredHB0p21HE0p22
tag_hltL3fL1sMu22L1f0Tkf24QL3trkIsoFiltered0p09
tag_hltL3fL1sMu22Or25L1f0L2f10QL3Filtered50Q
tag_hltL3fL1sMu22f0TkFiltered24Q
tag_hltL3fL1sMu22f0TkFiltered24QL3pfecalIsoRhoFilteredEB0p11EE0p08
tag_hltL3fL1sMu22f0TkFiltered24QL3pfhcalIsoRhoFilteredHB0p21HE0p22
pair_deltaR
pair_dz
pair_pt
pair_rapidity
pair_nJets30
pair_newTuneP_mass
pair_newTuneP_probe_pt
pair_newTuneP_probe_sigmaPtOverPt
pair_newTuneP_probe_trackType
pair_probeMultiplicity
pair_probeMultiplicity_Pt10_M60140
pair_probeMultiplicity_TMGM
pair_BestZ

